#
# There is insufficient memory for the Java Runtime Environment to continue.
# Native memory allocation (malloc) failed to allocate 32784 bytes for Chunk::new
# Possible reasons:
#   The system is out of physical RAM or swap space
#   In 32 bit mode, the process size limit was hit
# Possible solutions:
#   Reduce memory load on the system
#   Increase physical memory or swap space
#   Check if swap backing store is full
#   Use 64 bit Java on a 64 bit OS
#   Decrease Java heap size (-Xmx/-Xms)
#   Decrease number of Java threads
#   Decrease Java thread stack sizes (-Xss)
#   Set larger code cache with -XX:ReservedCodeCacheSize=
# This output file may be truncated or incomplete.
#
#  Out of Memory Error (allocation.cpp:390), pid=127932, tid=0x00000000000197ec
#
# JRE version: OpenJDK Runtime Environment (8.0_76-b03) (build 1.8.0_76-release-b03)
# Java VM: OpenJDK 64-Bit Server VM (25.76-b03 mixed mode windows-amd64 compressed oops)
# Failed to write core dump. Minidumps are not enabled by default on client versions of Windows
#

---------------  T H R E A D  ---------------

Current thread (0x0000000016b88000):  JavaThread "C2 CompilerThread1" daemon [_thread_in_native, id=104428, stack(0x0000000017230000,0x0000000017330000)]

Stack: [0x0000000017230000,0x0000000017330000]
[error occurred during error reporting (printing stack bounds), id 0xc0000005]

Native frames: (J=compiled Java code, j=interpreted, Vv=VM code, C=native code)


Current CompileTask:
C2:   3011 1178       4       com.android.dx.ssa.SCCP::simulateStmt (481 bytes)


---------------  P R O C E S S  ---------------

Java Threads: ( => current thread )
  0x0000000016da3000 JavaThread "pool-2-thread-4" [_thread_blocked_trans, id=42552, stack(0x0000000017a30000,0x0000000017b30000)]
  0x0000000016d9f800 JavaThread "pool-2-thread-3" [_thread_blocked, id=131968, stack(0x0000000017930000,0x0000000017a30000)]
  0x0000000016d9e800 JavaThread "pool-2-thread-2" [_thread_blocked, id=103672, stack(0x0000000017830000,0x0000000017930000)]
  0x0000000016d94800 JavaThread "pool-3-thread-1" [_thread_blocked, id=110356, stack(0x0000000017730000,0x0000000017830000)]
  0x0000000016dc3800 JavaThread "pool-2-thread-1" [_thread_blocked, id=45068, stack(0x0000000017630000,0x0000000017730000)]
  0x0000000016b8f000 JavaThread "Service Thread" daemon [_thread_blocked, id=52428, stack(0x0000000017430000,0x0000000017530000)]
  0x0000000016b8a800 JavaThread "C1 CompilerThread2" daemon [_thread_in_native, id=27300, stack(0x0000000017330000,0x0000000017430000)]
=>0x0000000016b88000 JavaThread "C2 CompilerThread1" daemon [_thread_in_native, id=104428, stack(0x0000000017230000,0x0000000017330000)]
  0x000000001582e000 JavaThread "C2 CompilerThread0" daemon [_thread_in_native, id=115348, stack(0x0000000017130000,0x0000000017230000)]
  0x000000001582d000 JavaThread "Attach Listener" daemon [_thread_blocked, id=126828, stack(0x0000000017030000,0x0000000017130000)]
  0x00000000157e2000 JavaThread "Signal Dispatcher" daemon [_thread_blocked, id=64432, stack(0x0000000016f30000,0x0000000017030000)]
  0x00000000157b8800 JavaThread "Finalizer" daemon [_thread_blocked, id=61912, stack(0x0000000016a30000,0x0000000016b30000)]
  0x00000000030f0800 JavaThread "Reference Handler" daemon [_thread_blocked, id=41244, stack(0x0000000016930000,0x0000000016a30000)]
  0x0000000003000800 JavaThread "main" [_thread_blocked, id=34084, stack(0x0000000002f00000,0x0000000003000000)]

Other Threads:
  0x0000000015794000 VMThread [stack: 0x0000000016830000,0x0000000016930000] [id=130812]
  0x0000000016b91000 WatcherThread [stack: 0x0000000017530000,0x0000000017630000] [id=117660]

VM state:not at safepoint (normal execution)

VM Mutex/Monitor currently owned by a thread: None

Heap:
 PSYoungGen      total 38400K, used 6687K [0x00000000eab00000, 0x00000000ed580000, 0x0000000100000000)
  eden space 33280K, 4% used [0x00000000eab00000,0x00000000eac8c2c0,0x00000000ecb80000)
  from space 5120K, 99% used [0x00000000ecb80000,0x00000000ed07bc98,0x00000000ed080000)
  to   space 5120K, 0% used [0x00000000ed080000,0x00000000ed080000,0x00000000ed580000)
 ParOldGen       total 87552K, used 1450K [0x00000000c0000000, 0x00000000c5580000, 0x00000000eab00000)
  object space 87552K, 1% used [0x00000000c0000000,0x00000000c016a8f8,0x00000000c5580000)
 Metaspace       used 5883K, capacity 6960K, committed 7040K, reserved 1056768K
  class space    used 565K, capacity 616K, committed 640K, reserved 1048576K

Card table byte_map: [0x00000000124c0000,0x00000000126d0000] byte_map_base: 0x0000000011ec0000

Marking Bits: (ParMarkBitMap*) 0x000000005ab59d00
 Begin Bits: [0x0000000012c30000, 0x0000000013c30000)
 End Bits:   [0x0000000013c30000, 0x0000000014c30000)

Polling page: 0x0000000002ae0000

CodeCache: size=245760Kb used=5099Kb max_used=5107Kb free=240660Kb
 bounds [0x0000000003100000, 0x0000000003610000, 0x0000000012100000]
 total_blobs=1500 nmethods=1236 adapters=178
 compilation: enabled

Compilation events (10 events):
Event: 2.869 Thread 0x000000001582e000 nmethod 1212 0x00000000035e8010 code [0x00000000035e8160, 0x00000000035e8238]
Event: 2.869 Thread 0x000000001582e000 1226       4       java.util.Collections$UnmodifiableCollection$1::next (10 bytes)
Event: 2.871 Thread 0x000000001582e000 nmethod 1226 0x00000000035e7ad0 code [0x00000000035e7c40, 0x00000000035e7dc8]
Event: 2.871 Thread 0x000000001582e000 1209       4       com.android.dx.ssa.SsaBasicBlock::forEachPhiInsn (54 bytes)
Event: 2.877 Thread 0x0000000016b88000 nmethod 1165 0x00000000035f64d0 code [0x00000000035f7920, 0x00000000035fd6a0]
Event: 2.878 Thread 0x0000000016b88000 1178       4       com.android.dx.ssa.SCCP::simulateStmt (481 bytes)
Event: 2.886 Thread 0x000000001582e000 nmethod 1209 0x00000000035f5350 code [0x00000000035f54e0, 0x00000000035f5bf8]
Event: 2.886 Thread 0x000000001582e000 1190       4       java.lang.Long::numberOfTrailingZeros (116 bytes)
Event: 2.887 Thread 0x000000001582e000 nmethod 1190 0x00000000035a8a90 code [0x00000000035a8bc0, 0x00000000035a8c98]
Event: 2.891 Thread 0x000000001582e000 1250       4       com.android.dx.ssa.SCCP::simulateBranch (666 bytes)

GC Heap History (2 events):
Event: 2.691 GC heap before
{Heap before GC invocations=1 (full 0):
 PSYoungGen      total 38400K, used 33280K [0x00000000eab00000, 0x00000000ed580000, 0x0000000100000000)
  eden space 33280K, 100% used [0x00000000eab00000,0x00000000ecb80000,0x00000000ecb80000)
  from space 5120K, 0% used [0x00000000ed080000,0x00000000ed080000,0x00000000ed580000)
  to   space 5120K, 0% used [0x00000000ecb80000,0x00000000ecb80000,0x00000000ed080000)
 ParOldGen       total 87552K, used 0K [0x00000000c0000000, 0x00000000c5580000, 0x00000000eab00000)
  object space 87552K, 0% used [0x00000000c0000000,0x00000000c0000000,0x00000000c5580000)
 Metaspace       used 5875K, capacity 6960K, committed 7040K, reserved 1056768K
  class space    used 565K, capacity 616K, committed 640K, reserved 1048576K
Event: 2.866 GC heap after
Heap after GC invocations=1 (full 0):
 PSYoungGen      total 38400K, used 5103K [0x00000000eab00000, 0x00000000ed580000, 0x0000000100000000)
  eden space 33280K, 0% used [0x00000000eab00000,0x00000000eab00000,0x00000000ecb80000)
  from space 5120K, 99% used [0x00000000ecb80000,0x00000000ed07bc98,0x00000000ed080000)
  to   space 5120K, 0% used [0x00000000ed080000,0x00000000ed080000,0x00000000ed580000)
 ParOldGen       total 87552K, used 1450K [0x00000000c0000000, 0x00000000c5580000, 0x00000000eab00000)
  object space 87552K, 1% used [0x00000000c0000000,0x00000000c016a8f8,0x00000000c5580000)
 Metaspace       used 5875K, capacity 6960K, committed 7040K, reserved 1056768K
  class space    used 565K, capacity 616K, committed 640K, reserved 1048576K
}

Deoptimization events (9 events):
Event: 0.848 Thread 0x0000000003000800 Uncommon trap: reason=unstable_if action=reinterpret pc=0x00000000032441d0 method=java.lang.String.indexOf(II)I @ 49
Event: 2.096 Thread 0x0000000016dc3800 Uncommon trap: reason=unstable_if action=reinterpret pc=0x00000000033b2e60 method=java.util.HashMap.getNode(ILjava/lang/Object;)Ljava/util/HashMap$Node; @ 129
Event: 2.097 Thread 0x0000000016dc3800 Uncommon trap: reason=unstable_if action=reinterpret pc=0x0000000003414d40 method=java.util.HashMap.putVal(ILjava/lang/Object;Ljava/lang/Object;ZZ)Ljava/lang/Object; @ 193
Event: 2.138 Thread 0x0000000003000800 Uncommon trap: reason=unstable_if action=reinterpret pc=0x000000000332251c method=java.util.HashMap.getNode(ILjava/lang/Object;)Ljava/util/HashMap$Node; @ 129
Event: 2.654 Thread 0x0000000016d9e800 Uncommon trap: reason=class_check action=maybe_recompile pc=0x00000000034534a0 method=com.android.dx.ssa.NormalSsaInsn.accept(Lcom/android/dx/ssa/SsaInsn$Visitor;)V @ 9
Event: 2.654 Thread 0x0000000016d9e800 Uncommon trap: reason=class_check action=maybe_recompile pc=0x00000000033393b0 method=com.android.dx.ssa.NormalSsaInsn.accept(Lcom/android/dx/ssa/SsaInsn$Visitor;)V @ 9
Event: 2.654 Thread 0x0000000016d9e800 Uncommon trap: reason=class_check action=maybe_recompile pc=0x00000000033393b0 method=com.android.dx.ssa.NormalSsaInsn.accept(Lcom/android/dx/ssa/SsaInsn$Visitor;)V @ 9
Event: 2.654 Thread 0x0000000016d9e800 Uncommon trap: reason=class_check action=maybe_recompile pc=0x00000000033393b0 method=com.android.dx.ssa.NormalSsaInsn.accept(Lcom/android/dx/ssa/SsaInsn$Visitor;)V @ 9
Event: 2.890 Thread 0x0000000016d9f800 Uncommon trap: reason=class_check action=maybe_recompile pc=0x00000000034534a0 method=com.android.dx.ssa.NormalSsaInsn.accept(Lcom/android/dx/ssa/SsaInsn$Visitor;)V @ 9

Internal exceptions (2 events):
Event: 0.063 Thread 0x0000000003000800 Exception <a 'java/lang/NoSuchMethodError': Method sun.misc.Unsafe.defineClass(Ljava/lang/String;[BII)Ljava/lang/Class; name or signature does not match> (0x00000000eab07cc0) thrown at [C:\src\android\AOSP-openjdk\external\jetbrains\jdk\hotspot\src\share\v+ÜNù$∞?
Event: 0.063 Thread 0x0000000003000800 Exception <a 'java/lang/NoSuchMethodError': Method sun.misc.Unsafe.prefetchRead(Ljava/lang/Object;J)V name or signature does not match> (0x00000000eab07fa8) thrown at [C:\src\android\AOSP-openjdk\external\jetbrains\jdk\hotspot\src\share\vm\prims\jni.cpp, l

Events (10 events):
Event: 2.654 Thread 0x0000000016d9e800 Uncommon trap: trap_request=0xffffffde fr.pc=0x00000000033393b0
Event: 2.654 Thread 0x0000000016d9e800 DEOPT PACKING pc=0x00000000033393b0 sp=0x000000001792eba0
Event: 2.654 Thread 0x0000000016d9e800 DEOPT UNPACKING pc=0x000000000314556a sp=0x000000001792eb40 mode 2
Event: 2.684 Thread 0x0000000016d9f800 DEOPT PACKING pc=0x00000000033c228f sp=0x0000000017a2e9c0
Event: 2.684 Thread 0x0000000016d9f800 DEOPT UNPACKING pc=0x00000000031475bf sp=0x0000000017a2e7a0 mode 0
Event: 2.690 Executing VM operation: ParallelGCFailedAllocation
Event: 2.866 Executing VM operation: ParallelGCFailedAllocation done
Event: 2.890 Thread 0x0000000016d9f800 Uncommon trap: trap_request=0xffffffde fr.pc=0x00000000034534a0
Event: 2.890 Thread 0x0000000016d9f800 DEOPT PACKING pc=0x00000000034534a0 sp=0x0000000017a2eb40
Event: 2.890 Thread 0x0000000016d9f800 DEOPT UNPACKING pc=0x000000000314556a sp=0x0000000017a2eac0 mode 2


Dynamic libraries:
0x00007ff7bcbd0000 - 0x00007ff7bcc01000 	D:\anzhuo\jre\bin\java.exe
0x00007ffa078e0000 - 0x00007ffa07ab1000 	C:\WINDOWS\SYSTEM32\ntdll.dll
0x00007ffa07510000 - 0x00007ffa075bb000 	C:\WINDOWS\System32\KERNEL32.DLL
0x00007ffa04910000 - 0x00007ffa04b2d000 	C:\WINDOWS\System32\KERNELBASE.dll
0x00007ffa04e70000 - 0x00007ffa04f12000 	C:\WINDOWS\System32\ADVAPI32.dll
0x00007ffa075d0000 - 0x00007ffa0766e000 	C:\WINDOWS\System32\msvcrt.dll
0x00007ffa07810000 - 0x00007ffa07869000 	C:\WINDOWS\System32\sechost.dll
0x00007ffa05760000 - 0x00007ffa05881000 	C:\WINDOWS\System32\RPCRT4.dll
0x00007ffa05940000 - 0x00007ffa05aa5000 	C:\WINDOWS\System32\USER32.dll
0x00007ffa03dd0000 - 0x00007ffa03dee000 	C:\WINDOWS\System32\win32u.dll
0x00007ffa07690000 - 0x00007ffa076c4000 	C:\WINDOWS\System32\GDI32.dll
0x00007ffa03df0000 - 0x00007ffa03f72000 	C:\WINDOWS\System32\gdi32full.dll
0x00007ff9fbce0000 - 0x00007ff9fbf59000 	C:\WINDOWS\WinSxS\amd64_microsoft.windows.common-controls_6595b64144ccf1df_6.0.14393.447_none_42191651c6827bb3\COMCTL32.dll
0x00007ffa05b90000 - 0x00007ffa05e57000 	C:\WINDOWS\System32\combase.dll
0x00007ffa04770000 - 0x00007ffa04865000 	C:\WINDOWS\System32\ucrtbase.dll
0x00007ffa04e00000 - 0x00007ffa04e6a000 	C:\WINDOWS\System32\bcryptPrimitives.dll
0x00007ffa054d0000 - 0x00007ffa054fe000 	C:\WINDOWS\System32\IMM32.DLL
0x000000005a110000 - 0x000000005a1e2000 	D:\anzhuo\jre\jre\bin\msvcr100.dll
0x000000005a3a0000 - 0x000000005abd4000 	D:\anzhuo\jre\jre\bin\server\jvm.dll
0x00007ffa075c0000 - 0x00007ffa075c8000 	C:\WINDOWS\System32\PSAPI.DLL
0x00007ffa00e40000 - 0x00007ffa00e49000 	C:\WINDOWS\SYSTEM32\WSOCK32.dll
0x00007ffa05ab0000 - 0x00007ffa05b1a000 	C:\WINDOWS\System32\WS2_32.dll
0x00007ffa01d20000 - 0x00007ffa01d43000 	C:\WINDOWS\SYSTEM32\WINMM.dll
0x00007ff9fcf50000 - 0x00007ff9fcf5a000 	C:\WINDOWS\SYSTEM32\VERSION.dll
0x00007ffa01c00000 - 0x00007ffa01c2b000 	C:\WINDOWS\SYSTEM32\WINMMBASE.dll
0x00007ffa04be0000 - 0x00007ffa04c22000 	C:\WINDOWS\System32\cfgmgr32.dll
0x00007ff9ffe60000 - 0x00007ff9ffe6f000 	D:\anzhuo\jre\jre\bin\verify.dll
0x00007ff9f6a50000 - 0x00007ff9f6a79000 	D:\anzhuo\jre\jre\bin\java.dll
0x00007ff9f7c10000 - 0x00007ff9f7c26000 	D:\anzhuo\jre\jre\bin\zip.dll
0x00007ffa06000000 - 0x00007ffa07509000 	C:\WINDOWS\System32\SHELL32.dll
0x00007ffa04090000 - 0x00007ffa0476a000 	C:\WINDOWS\System32\windows.storage.dll
0x00007ffa03d80000 - 0x00007ffa03dcc000 	C:\WINDOWS\System32\powrprof.dll
0x00007ffa04fe0000 - 0x00007ffa05032000 	C:\WINDOWS\System32\shlwapi.dll
0x00007ffa03d40000 - 0x00007ffa03d4f000 	C:\WINDOWS\System32\kernel.appcore.dll
0x00007ffa04b30000 - 0x00007ffa04bd9000 	C:\WINDOWS\System32\shcore.dll
0x00007ffa03d50000 - 0x00007ffa03d64000 	C:\WINDOWS\System32\profapi.dll

VM Arguments:
jvm_args: -Djava.awt.headless=true -Xmx1024M -Dfile.encoding=GBK -Duser.country=CN -Duser.language=zh -Duser.variant 
java_command: com.android.dx.command.Main --dex --verbose --force-jumbo --num-threads=4 --multi-dex --output D:\LeJuWanJia\DDB_TaiMian\app\build\intermediates\transforms\dex\debug\folders\1000\10\com.android.support-support-media-compat-25.0.1_c7b6cd036152923029789405595e50e16e9a1635 D:\LeJuWanJia\DDB_TaiMian\app\build\intermediates\exploded-aar\com.android.support\support-media-compat\25.0.1\jars\classes.jar
java_class_path (initial): D:\AndroidSDK\StudioSDK\SDK\build-tools\24.0.2\lib\dx.jar
Launcher Type: SUN_STANDARD

Environment Variables:
JAVA_HOME=C:\Program Files\Java\jdk1.7.0_80
PATH=C:\ProgramData\Oracle\Java\javapath;C:\Program Files\Java\jdk1.8.0_92\bin;D:\Android\SDK\android-sdk\platform-tools;C:\Program Files (x86)\Intel\iCLS Client\;C:\Program Files\Intel\iCLS Client\;C:\windows\system32;C:\windows;C:\windows\System32\Wbem;C:\windows\System32\WindowsPowerShell\v1.0\;C:\Program Files (x86)\Intel\Intel(R) Management Engine Components\DAL;C:\Program Files\Intel\Intel(R) Management Engine Components\DAL;C:\Program Files (x86)\Intel\Intel(R) Management Engine Components\IPT;C:\Program Files\Intel\Intel(R) Management Engine Components\IPT;C:\Program Files (x86)\NVIDIA Corporation\PhysX\Common;C:\Program Files\Intel\WiFi\bin\;C:\Program Files\Common Files\Intel\WirelessCommon\;D:\SVN\bin;D:\SvnServer\bin;D:\TortosiseGit\bin;D:\bin;D:\MySQL\bin;C:\WINDOWS\system32;C:\WINDOWS;C:\WINDOWS\System32\Wbem;C:\WINDOWS\System32\WindowsPowerShell\v1.0\;C:\Users\Achang\AppData\Local\Microsoft\WindowsApps;
USERNAME=A chang
OS=Windows_NT
PROCESSOR_IDENTIFIER=Intel64 Family 6 Model 78 Stepping 3, GenuineIntel



---------------  S Y S T E M  ---------------

OS: Windows 10.0 , 64 bit Build 14393 (10.0.14393.0)

CPU:total 4 (2 cores per cpu, 2 threads per core) family 6 model 78 stepping 3, cmov, cx8, fxsr, mmx, sse, sse2, sse3, ssse3, sse4.1, sse4.2, popcnt, avx, avx2, aes, clmul, erms, 3dnowpref, lzcnt, ht, tsc, tscinvbit, bmi1, bmi2, adx

Memory: 4k page, physical 8275872k(2173688k free), swap 16140188k(5364k free)

vm_info: OpenJDK 64-Bit Server VM (25.76-b03) for windows-amd64 JRE (1.8.0_76-release-b03), built on Jun 29 2016 19:09:20 by "ralucas" with MS VC++ 10.0 (VS2010)

time: Wed Jan 18 01:52:31 2017
elapsed time: 3 seconds (0d 0h 0m 3s)

