#
# There is insufficient memory for the Java Runtime Environment to continue.
# Native memory allocation (malloc) failed to allocate 1048576 bytes for AllocateHeap
# Possible reasons:
#   The system is out of physical RAM or swap space
#   In 32 bit mode, the process size limit was hit
# Possible solutions:
#   Reduce memory load on the system
#   Increase physical memory or swap space
#   Check if swap backing store is full
#   Use 64 bit Java on a 64 bit OS
#   Decrease Java heap size (-Xmx/-Xms)
#   Decrease number of Java threads
#   Decrease Java thread stack sizes (-Xss)
#   Set larger code cache with -XX:ReservedCodeCacheSize=
# This output file may be truncated or incomplete.
#
#  Out of Memory Error (memory/allocation.inline.hpp:61), pid=8744, tid=0x0000000000019b78
#
# JRE version:  (8.0_76-b03) (build )
# Java VM: OpenJDK 64-Bit Server VM (25.76-b03 mixed mode windows-amd64 compressed oops)
# Failed to write core dump. Minidumps are not enabled by default on client versions of Windows
#

---------------  T H R E A D  ---------------

Current thread (0x0000000002a60800):  JavaThread "Unknown thread" [_thread_in_vm, id=105336, stack(0x0000000002570000,0x0000000002670000)]

Stack: [0x0000000002570000,0x0000000002670000]
[error occurred during error reporting (printing stack bounds), id 0xc0000005]

Native frames: (J=compiled Java code, j=interpreted, Vv=VM code, C=native code)


---------------  P R O C E S S  ---------------

Java Threads: ( => current thread )

Other Threads:

=>0x0000000002a60800 (exited) JavaThread "Unknown thread" [_thread_in_vm, id=105336, stack(0x0000000002570000,0x0000000002670000)]

VM state:not at safepoint (normal execution)

VM Mutex/Monitor currently owned by a thread: None

Heap:
 PSYoungGen      total 38400K, used 665K [0x00000000eab00000, 0x00000000ed580000, 0x0000000100000000)
  eden space 33280K, 2% used [0x00000000eab00000,0x00000000eaba6670,0x00000000ecb80000)
  from space 5120K, 0% used [0x00000000ed080000,0x00000000ed080000,0x00000000ed580000)
  to   space 5120K, 0% used [0x00000000ecb80000,0x00000000ecb80000,0x00000000ed080000)
 ParOldGen       total 87552K, used 0K [0x00000000c0000000, 0x00000000c5580000, 0x00000000eab00000)
  object space 87552K, 0% used [0x00000000c0000000,0x00000000c0000000,0x00000000c5580000)
 Metaspace       used 771K, capacity 4480K, committed 4480K, reserved 1056768K
  class space    used 73K, capacity 384K, committed 384K, reserved 1048576K

Card table byte_map: [0x0000000011f20000,0x0000000012130000] byte_map_base: 0x0000000011920000

Marking Bits: (ParMarkBitMap*) 0x000000005ab59d00
 Begin Bits: [0x0000000012690000, 0x0000000013690000)
 End Bits:   [0x0000000013690000, 0x0000000014690000)

Polling page: 0x0000000000de0000

CodeCache: size=245760Kb used=328Kb max_used=328Kb free=245431Kb
 bounds [0x0000000002b60000, 0x0000000002dd0000, 0x0000000011b60000]
 total_blobs=57 nmethods=0 adapters=38
 compilation: enabled

Compilation events (0 events):
No events

GC Heap History (0 events):
No events

Deoptimization events (0 events):
No events

Internal exceptions (0 events):
No events

Events (10 events):
Event: 0.116 loading class java/lang/Short
Event: 0.116 loading class java/lang/Short done
Event: 0.116 loading class java/lang/Integer
Event: 0.116 loading class java/lang/Integer done
Event: 0.116 loading class java/lang/Long
Event: 0.116 loading class java/lang/Long done
Event: 0.117 loading class java/lang/NullPointerException
Event: 0.117 loading class java/lang/NullPointerException done
Event: 0.117 loading class java/lang/ArithmeticException
Event: 0.117 loading class java/lang/ArithmeticException done


Dynamic libraries:
0x00007ff7bcbd0000 - 0x00007ff7bcc01000 	D:\anzhuo\jre\bin\java.exe
0x00007ffa078e0000 - 0x00007ffa07ab1000 	C:\WINDOWS\SYSTEM32\ntdll.dll
0x00007ffa07510000 - 0x00007ffa075bb000 	C:\WINDOWS\System32\KERNEL32.DLL
0x00007ffa04910000 - 0x00007ffa04b2d000 	C:\WINDOWS\System32\KERNELBASE.dll
0x00007ffa04e70000 - 0x00007ffa04f12000 	C:\WINDOWS\System32\ADVAPI32.dll
0x00007ffa075d0000 - 0x00007ffa0766e000 	C:\WINDOWS\System32\msvcrt.dll
0x00007ffa07810000 - 0x00007ffa07869000 	C:\WINDOWS\System32\sechost.dll
0x00007ffa05760000 - 0x00007ffa05881000 	C:\WINDOWS\System32\RPCRT4.dll
0x00007ffa05940000 - 0x00007ffa05aa5000 	C:\WINDOWS\System32\USER32.dll
0x00007ffa03dd0000 - 0x00007ffa03dee000 	C:\WINDOWS\System32\win32u.dll
0x00007ffa07690000 - 0x00007ffa076c4000 	C:\WINDOWS\System32\GDI32.dll
0x00007ffa03df0000 - 0x00007ffa03f72000 	C:\WINDOWS\System32\gdi32full.dll
0x00007ff9fbce0000 - 0x00007ff9fbf59000 	C:\WINDOWS\WinSxS\amd64_microsoft.windows.common-controls_6595b64144ccf1df_6.0.14393.447_none_42191651c6827bb3\COMCTL32.dll
0x00007ffa05b90000 - 0x00007ffa05e57000 	C:\WINDOWS\System32\combase.dll
0x00007ffa04770000 - 0x00007ffa04865000 	C:\WINDOWS\System32\ucrtbase.dll
0x00007ffa04e00000 - 0x00007ffa04e6a000 	C:\WINDOWS\System32\bcryptPrimitives.dll
0x00007ffa054d0000 - 0x00007ffa054fe000 	C:\WINDOWS\System32\IMM32.DLL
0x000000005a110000 - 0x000000005a1e2000 	D:\anzhuo\jre\jre\bin\msvcr100.dll
0x000000005a3a0000 - 0x000000005abd4000 	D:\anzhuo\jre\jre\bin\server\jvm.dll
0x00007ffa075c0000 - 0x00007ffa075c8000 	C:\WINDOWS\System32\PSAPI.DLL
0x00007ffa00e40000 - 0x00007ffa00e49000 	C:\WINDOWS\SYSTEM32\WSOCK32.dll
0x00007ffa05ab0000 - 0x00007ffa05b1a000 	C:\WINDOWS\System32\WS2_32.dll
0x00007ffa01d20000 - 0x00007ffa01d43000 	C:\WINDOWS\SYSTEM32\WINMM.dll
0x00007ff9fcf50000 - 0x00007ff9fcf5a000 	C:\WINDOWS\SYSTEM32\VERSION.dll
0x00007ffa01c00000 - 0x00007ffa01c2b000 	C:\WINDOWS\SYSTEM32\WINMMBASE.dll
0x00007ffa04be0000 - 0x00007ffa04c22000 	C:\WINDOWS\System32\cfgmgr32.dll
0x00007ff9ffe60000 - 0x00007ff9ffe6f000 	D:\anzhuo\jre\jre\bin\verify.dll
0x00007ff9f6a50000 - 0x00007ff9f6a79000 	D:\anzhuo\jre\jre\bin\java.dll
0x00007ff9f7c10000 - 0x00007ff9f7c26000 	D:\anzhuo\jre\jre\bin\zip.dll

VM Arguments:
jvm_args: -Djava.awt.headless=true -Xmx1024M -Dfile.encoding=GBK -Duser.country=CN -Duser.language=zh -Duser.variant 
java_command: com.android.dx.command.Main --dex --verbose --force-jumbo --num-threads=4 --multi-dex --output D:\LeJuWanJia\DDB_TaiMian\app\build\intermediates\transforms\dex\debug\folders\1000\10\internal_impl-25.0.1_9a44d41b34b72ca646e711fc005b58afcc18bbaa D:\LeJuWanJia\DDB_TaiMian\app\build\intermediates\exploded-aar\com.android.support\support-core-ui\25.0.1\jars\libs\internal_impl-25.0.1.jar
java_class_path (initial): D:\AndroidSDK\StudioSDK\SDK\build-tools\24.0.2\lib\dx.jar
Launcher Type: SUN_STANDARD

Environment Variables:
JAVA_HOME=C:\Program Files\Java\jdk1.7.0_80
PATH=C:\ProgramData\Oracle\Java\javapath;C:\Program Files\Java\jdk1.8.0_92\bin;D:\Android\SDK\android-sdk\platform-tools;C:\Program Files (x86)\Intel\iCLS Client\;C:\Program Files\Intel\iCLS Client\;C:\windows\system32;C:\windows;C:\windows\System32\Wbem;C:\windows\System32\WindowsPowerShell\v1.0\;C:\Program Files (x86)\Intel\Intel(R) Management Engine Components\DAL;C:\Program Files\Intel\Intel(R) Management Engine Components\DAL;C:\Program Files (x86)\Intel\Intel(R) Management Engine Components\IPT;C:\Program Files\Intel\Intel(R) Management Engine Components\IPT;C:\Program Files (x86)\NVIDIA Corporation\PhysX\Common;C:\Program Files\Intel\WiFi\bin\;C:\Program Files\Common Files\Intel\WirelessCommon\;D:\SVN\bin;D:\SvnServer\bin;D:\TortosiseGit\bin;D:\bin;D:\MySQL\bin;C:\WINDOWS\system32;C:\WINDOWS;C:\WINDOWS\System32\Wbem;C:\WINDOWS\System32\WindowsPowerShell\v1.0\;C:\Users\Achang\AppData\Local\Microsoft\WindowsApps;
USERNAME=A chang
OS=Windows_NT
PROCESSOR_IDENTIFIER=Intel64 Family 6 Model 78 Stepping 3, GenuineIntel



---------------  S Y S T E M  ---------------

OS: Windows 10.0 , 64 bit Build 14393 (10.0.14393.0)

CPU:total 4 (2 cores per cpu, 2 threads per core) family 6 model 78 stepping 3, cmov, cx8, fxsr, mmx, sse, sse2, sse3, ssse3, sse4.1, sse4.2, popcnt, avx, avx2, aes, clmul, erms, 3dnowpref, lzcnt, ht, tsc, tscinvbit, bmi1, bmi2, adx

Memory: 4k page, physical 8275872k(2218308k free), swap 16140188k(4832k free)

vm_info: OpenJDK 64-Bit Server VM (25.76-b03) for windows-amd64 JRE (1.8.0_76-release-b03), built on Jun 29 2016 19:09:20 by "ralucas" with MS VC++ 10.0 (VS2010)

time: Wed Jan 18 01:52:32 2017
elapsed time: 0 seconds (0d 0h 0m 0s)

