#
# There is insufficient memory for the Java Runtime Environment to continue.
# Native memory allocation (malloc) failed to allocate 581616 bytes for Chunk::new
# Possible reasons:
#   The system is out of physical RAM or swap space
#   In 32 bit mode, the process size limit was hit
# Possible solutions:
#   Reduce memory load on the system
#   Increase physical memory or swap space
#   Check if swap backing store is full
#   Use 64 bit Java on a 64 bit OS
#   Decrease Java heap size (-Xmx/-Xms)
#   Decrease number of Java threads
#   Decrease Java thread stack sizes (-Xss)
#   Set larger code cache with -XX:ReservedCodeCacheSize=
# This output file may be truncated or incomplete.
#
#  Out of Memory Error (allocation.cpp:390), pid=53284, tid=0x000000000000cd10
#
# JRE version: OpenJDK Runtime Environment (8.0_76-b03) (build 1.8.0_76-release-b03)
# Java VM: OpenJDK 64-Bit Server VM (25.76-b03 mixed mode windows-amd64 compressed oops)
# Failed to write core dump. Minidumps are not enabled by default on client versions of Windows
#

---------------  T H R E A D  ---------------

Current thread (0x0000000015da8000):  JavaThread "C2 CompilerThread0" daemon [_thread_in_native, id=52496, stack(0x00000000176a0000,0x00000000177a0000)]

Stack: [0x00000000176a0000,0x00000000177a0000]
[error occurred during error reporting (printing stack bounds), id 0xc0000005]

Native frames: (J=compiled Java code, j=interpreted, Vv=VM code, C=native code)


Current CompileTask:
C2:   4704 1488       4       com.android.dx.ssa.PhiInsn::mapSourceRegisters (78 bytes)


---------------  P R O C E S S  ---------------

Java Threads: ( => current thread )
  0x0000000017307000 JavaThread "pool-2-thread-4" [_thread_in_Java, id=112140, stack(0x0000000017fa0000,0x00000000180a0000)]
  0x0000000017305800 JavaThread "pool-2-thread-3" [_thread_in_Java, id=91876, stack(0x0000000017ea0000,0x0000000017fa0000)]
  0x0000000017218000 JavaThread "pool-2-thread-2" [_thread_in_Java, id=79924, stack(0x0000000017da0000,0x0000000017ea0000)]
  0x000000001720d000 JavaThread "pool-3-thread-1" [_thread_blocked, id=87084, stack(0x0000000017ca0000,0x0000000017da0000)]
  0x0000000017205000 JavaThread "pool-2-thread-1" [_thread_in_Java, id=43436, stack(0x0000000017ba0000,0x0000000017ca0000)]
  0x000000001712d800 JavaThread "Service Thread" daemon [_thread_blocked, id=19972, stack(0x00000000179a0000,0x0000000017aa0000)]
  0x00000000170c6800 JavaThread "C1 CompilerThread2" daemon [_thread_blocked, id=36184, stack(0x00000000178a0000,0x00000000179a0000)]
  0x0000000015dab000 JavaThread "C2 CompilerThread1" daemon [_thread_in_native, id=128716, stack(0x00000000177a0000,0x00000000178a0000)]
=>0x0000000015da8000 JavaThread "C2 CompilerThread0" daemon [_thread_in_native, id=52496, stack(0x00000000176a0000,0x00000000177a0000)]
  0x0000000015d5c800 JavaThread "Attach Listener" daemon [_thread_blocked, id=23816, stack(0x00000000175a0000,0x00000000176a0000)]
  0x0000000015d46800 JavaThread "Signal Dispatcher" daemon [_thread_blocked, id=102296, stack(0x00000000174a0000,0x00000000175a0000)]
  0x0000000015d38800 JavaThread "Finalizer" daemon [_thread_blocked, id=113128, stack(0x0000000016fa0000,0x00000000170a0000)]
  0x0000000003570000 JavaThread "Reference Handler" daemon [_thread_blocked, id=90820, stack(0x0000000016ea0000,0x0000000016fa0000)]
  0x0000000003480800 JavaThread "main" [_thread_blocked, id=103284, stack(0x0000000002fa0000,0x00000000030a0000)]

Other Threads:
  0x0000000015d15000 VMThread [stack: 0x0000000016da0000,0x0000000016ea0000] [id=74560]
  0x0000000017131000 WatcherThread [stack: 0x0000000017aa0000,0x0000000017ba0000] [id=71344]

VM state:not at safepoint (normal execution)

VM Mutex/Monitor currently owned by a thread: None

Heap:
 PSYoungGen      total 38400K, used 29443K [0x00000000eab00000, 0x00000000ef600000, 0x0000000100000000)
  eden space 33280K, 73% used [0x00000000eab00000,0x00000000ec2c87e8,0x00000000ecb80000)
  from space 5120K, 99% used [0x00000000ed080000,0x00000000ed5786b0,0x00000000ed580000)
  to   space 5120K, 0% used [0x00000000ecb80000,0x00000000ecb80000,0x00000000ed080000)
 ParOldGen       total 95232K, used 64284K [0x00000000c0000000, 0x00000000c5d00000, 0x00000000eab00000)
  object space 95232K, 67% used [0x00000000c0000000,0x00000000c3ec71a0,0x00000000c5d00000)
 Metaspace       used 5860K, capacity 7024K, committed 7296K, reserved 1056768K
  class space    used 562K, capacity 616K, committed 640K, reserved 1048576K

Card table byte_map: [0x0000000012a40000,0x0000000012c50000] byte_map_base: 0x0000000012440000

Marking Bits: (ParMarkBitMap*) 0x000000005ab59d00
 Begin Bits: [0x00000000131b0000, 0x00000000141b0000)
 End Bits:   [0x00000000141b0000, 0x00000000151b0000)

Polling page: 0x0000000001780000

CodeCache: size=245760Kb used=6966Kb max_used=6980Kb free=238793Kb
 bounds [0x0000000003680000, 0x0000000003d60000, 0x0000000012680000]
 total_blobs=1762 nmethods=1499 adapters=177
 compilation: enabled

Compilation events (10 events):
Event: 4.654 Thread 0x0000000015dab000 nmethod 1450 0x0000000003d08d90 code [0x0000000003d08ee0, 0x0000000003d09118]
Event: 4.654 Thread 0x0000000015dab000 1460       4       com.android.dx.ssa.SsaRenamer$BlockRenamer$RenamingMapper::map (28 bytes)
Event: 4.667 Thread 0x00000000170c6800 1588 %     3       com.android.dx.ssa.DomFront::<init> @ 35 (60 bytes)
Event: 4.668 Thread 0x00000000170c6800 nmethod 1588% 0x0000000003d072d0 code [0x0000000003d07480, 0x0000000003d07b10]
Event: 4.668 Thread 0x00000000170c6800 1589       3       com.android.dx.ssa.DomFront::<init> (60 bytes)
Event: 4.669 Thread 0x00000000170c6800 nmethod 1589 0x0000000003d06750 code [0x0000000003d068e0, 0x0000000003d06f30]
Event: 4.679 Thread 0x00000000170c6800 1590       2       java.util.Vector::grow (57 bytes)
Event: 4.680 Thread 0x00000000170c6800 nmethod 1590 0x0000000003d51990 code [0x0000000003d51b00, 0x0000000003d51d98]
Event: 4.689 Thread 0x00000000170c6800 1591       2       com.android.dx.ssa.MoveParamCombiner::getParamIndex (24 bytes)
Event: 4.689 Thread 0x00000000170c6800 nmethod 1591 0x0000000003d08910 code [0x0000000003d08a80, 0x0000000003d08c50]

GC Heap History (10 events):
Event: 3.521 GC heap before
{Heap before GC invocations=5 (full 0):
 PSYoungGen      total 38400K, used 38384K [0x00000000eab00000, 0x00000000ef600000, 0x0000000100000000)
  eden space 33280K, 100% used [0x00000000eab00000,0x00000000ecb80000,0x00000000ecb80000)
  from space 5120K, 99% used [0x00000000ed080000,0x00000000ed57c3c8,0x00000000ed580000)
  to   space 5120K, 0% used [0x00000000ecb80000,0x00000000ecb80000,0x00000000ed080000)
 ParOldGen       total 87552K, used 47838K [0x00000000c0000000, 0x00000000c5580000, 0x00000000eab00000)
  object space 87552K, 54% used [0x00000000c0000000,0x00000000c2eb7890,0x00000000c5580000)
 Metaspace       used 5821K, capacity 6960K, committed 7040K, reserved 1056768K
  class space    used 562K, capacity 616K, committed 640K, reserved 1048576K
Event: 3.588 GC heap after
Heap after GC invocations=5 (full 0):
 PSYoungGen      total 38400K, used 5113K [0x00000000eab00000, 0x00000000ef600000, 0x0000000100000000)
  eden space 33280K, 0% used [0x00000000eab00000,0x00000000eab00000,0x00000000ecb80000)
  from space 5120K, 99% used [0x00000000ecb80000,0x00000000ed07e770,0x00000000ed080000)
  to   space 5120K, 0% used [0x00000000ed080000,0x00000000ed080000,0x00000000ed580000)
 ParOldGen       total 87552K, used 67112K [0x00000000c0000000, 0x00000000c5580000, 0x00000000eab00000)
  object space 87552K, 76% used [0x00000000c0000000,0x00000000c418a110,0x00000000c5580000)
 Metaspace       used 5821K, capacity 6960K, committed 7040K, reserved 1056768K
  class space    used 562K, capacity 616K, committed 640K, reserved 1048576K
}
Event: 3.588 GC heap before
{Heap before GC invocations=6 (full 1):
 PSYoungGen      total 38400K, used 5113K [0x00000000eab00000, 0x00000000ef600000, 0x0000000100000000)
  eden space 33280K, 0% used [0x00000000eab00000,0x00000000eab00000,0x00000000ecb80000)
  from space 5120K, 99% used [0x00000000ecb80000,0x00000000ed07e770,0x00000000ed080000)
  to   space 5120K, 0% used [0x00000000ed080000,0x00000000ed080000,0x00000000ed580000)
 ParOldGen       total 87552K, used 67112K [0x00000000c0000000, 0x00000000c5580000, 0x00000000eab00000)
  object space 87552K, 76% used [0x00000000c0000000,0x00000000c418a110,0x00000000c5580000)
 Metaspace       used 5821K, capacity 6960K, committed 7040K, reserved 1056768K
  class space    used 562K, capacity 616K, committed 640K, reserved 1048576K
Event: 3.842 GC heap after
Heap after GC invocations=6 (full 1):
 PSYoungGen      total 38400K, used 0K [0x00000000eab00000, 0x00000000ef600000, 0x0000000100000000)
  eden space 33280K, 0% used [0x00000000eab00000,0x00000000eab00000,0x00000000ecb80000)
  from space 5120K, 0% used [0x00000000ecb80000,0x00000000ecb80000,0x00000000ed080000)
  to   space 5120K, 0% used [0x00000000ed080000,0x00000000ed080000,0x00000000ed580000)
 ParOldGen       total 95232K, used 24915K [0x00000000c0000000, 0x00000000c5d00000, 0x00000000eab00000)
  object space 95232K, 26% used [0x00000000c0000000,0x00000000c1854ef8,0x00000000c5d00000)
 Metaspace       used 5821K, capacity 6960K, committed 7040K, reserved 1056768K
  class space    used 562K, capacity 616K, committed 640K, reserved 1048576K
}
Event: 3.967 GC heap before
{Heap before GC invocations=7 (full 1):
 PSYoungGen      total 38400K, used 33280K [0x00000000eab00000, 0x00000000ef600000, 0x0000000100000000)
  eden space 33280K, 100% used [0x00000000eab00000,0x00000000ecb80000,0x00000000ecb80000)
  from space 5120K, 0% used [0x00000000ecb80000,0x00000000ecb80000,0x00000000ed080000)
  to   space 5120K, 0% used [0x00000000ed080000,0x00000000ed080000,0x00000000ed580000)
 ParOldGen       total 95232K, used 24915K [0x00000000c0000000, 0x00000000c5d00000, 0x00000000eab00000)
  object space 95232K, 26% used [0x00000000c0000000,0x00000000c1854ef8,0x00000000c5d00000)
 Metaspace       used 5823K, capacity 6960K, committed 7040K, reserved 1056768K
  class space    used 562K, capacity 616K, committed 640K, reserved 1048576K
Event: 3.999 GC heap after
Heap after GC invocations=7 (full 1):
 PSYoungGen      total 38400K, used 5105K [0x00000000eab00000, 0x00000000ef600000, 0x0000000100000000)
  eden space 33280K, 0% used [0x00000000eab00000,0x00000000eab00000,0x00000000ecb80000)
  from space 5120K, 99% used [0x00000000ed080000,0x00000000ed57c5c0,0x00000000ed580000)
  to   space 5120K, 0% used [0x00000000ecb80000,0x00000000ecb80000,0x00000000ed080000)
 ParOldGen       total 95232K, used 35590K [0x00000000c0000000, 0x00000000c5d00000, 0x00000000eab00000)
  object space 95232K, 37% used [0x00000000c0000000,0x00000000c22c1b78,0x00000000c5d00000)
 Metaspace       used 5823K, capacity 6960K, committed 7040K, reserved 1056768K
  class space    used 562K, capacity 616K, committed 640K, reserved 1048576K
}
Event: 4.297 GC heap before
{Heap before GC invocations=8 (full 1):
 PSYoungGen      total 38400K, used 38385K [0x00000000eab00000, 0x00000000ef600000, 0x0000000100000000)
  eden space 33280K, 100% used [0x00000000eab00000,0x00000000ecb80000,0x00000000ecb80000)
  from space 5120K, 99% used [0x00000000ed080000,0x00000000ed57c5c0,0x00000000ed580000)
  to   space 5120K, 0% used [0x00000000ecb80000,0x00000000ecb80000,0x00000000ed080000)
 ParOldGen       total 95232K, used 35590K [0x00000000c0000000, 0x00000000c5d00000, 0x00000000eab00000)
  object space 95232K, 37% used [0x00000000c0000000,0x00000000c22c1b78,0x00000000c5d00000)
 Metaspace       used 5849K, capacity 6960K, committed 7040K, reserved 1056768K
  class space    used 562K, capacity 616K, committed 640K, reserved 1048576K
Event: 4.342 GC heap after
Heap after GC invocations=8 (full 1):
 PSYoungGen      total 38400K, used 5120K [0x00000000eab00000, 0x00000000ef600000, 0x0000000100000000)
  eden space 33280K, 0% used [0x00000000eab00000,0x00000000eab00000,0x00000000ecb80000)
  from space 5120K, 100% used [0x00000000ecb80000,0x00000000ed080000,0x00000000ed080000)
  to   space 5120K, 0% used [0x00000000ed080000,0x00000000ed080000,0x00000000ed580000)
 ParOldGen       total 95232K, used 46060K [0x00000000c0000000, 0x00000000c5d00000, 0x00000000eab00000)
  object space 95232K, 48% used [0x00000000c0000000,0x00000000c2cfb2f8,0x00000000c5d00000)
 Metaspace       used 5849K, capacity 6960K, committed 7040K, reserved 1056768K
  class space    used 562K, capacity 616K, committed 640K, reserved 1048576K
}
Event: 4.588 GC heap before
{Heap before GC invocations=9 (full 1):
 PSYoungGen      total 38400K, used 38400K [0x00000000eab00000, 0x00000000ef600000, 0x0000000100000000)
  eden space 33280K, 100% used [0x00000000eab00000,0x00000000ecb80000,0x00000000ecb80000)
  from space 5120K, 100% used [0x00000000ecb80000,0x00000000ed080000,0x00000000ed080000)
  to   space 5120K, 0% used [0x00000000ed080000,0x00000000ed080000,0x00000000ed580000)
 ParOldGen       total 95232K, used 46060K [0x00000000c0000000, 0x00000000c5d00000, 0x00000000eab00000)
  object space 95232K, 48% used [0x00000000c0000000,0x00000000c2cfb2f8,0x00000000c5d00000)
 Metaspace       used 5860K, capacity 7024K, committed 7296K, reserved 1056768K
  class space    used 562K, capacity 616K, committed 640K, reserved 1048576K
Event: 4.616 GC heap after
Heap after GC invocations=9 (full 1):
 PSYoungGen      total 38400K, used 5089K [0x00000000eab00000, 0x00000000ef600000, 0x0000000100000000)
  eden space 33280K, 0% used [0x00000000eab00000,0x00000000eab00000,0x00000000ecb80000)
  from space 5120K, 99% used [0x00000000ed080000,0x00000000ed5786b0,0x00000000ed580000)
  to   space 5120K, 0% used [0x00000000ecb80000,0x00000000ecb80000,0x00000000ed080000)
 ParOldGen       total 95232K, used 64284K [0x00000000c0000000, 0x00000000c5d00000, 0x00000000eab00000)
  object space 95232K, 67% used [0x00000000c0000000,0x00000000c3ec71a0,0x00000000c5d00000)
 Metaspace       used 5860K, capacity 7024K, committed 7296K, reserved 1056768K
  class space    used 562K, capacity 616K, committed 640K, reserved 1048576K
}

Deoptimization events (10 events):
Event: 3.239 Thread 0x0000000017205000 Uncommon trap: reason=class_check action=maybe_recompile pc=0x00000000039799e8 method=com.android.dx.rop.type.Type.equals(Ljava/lang/Object;)Z @ 8
Event: 3.241 Thread 0x0000000017205000 Uncommon trap: reason=unstable_if action=reinterpret pc=0x0000000003a62abc method=com.android.dx.rop.code.RegisterSpec.equals(ILcom/android/dx/rop/type/TypeBearer;Lcom/android/dx/rop/code/LocalItem;)Z @ 16
Event: 3.241 Thread 0x0000000017205000 Uncommon trap: reason=class_check action=maybe_recompile pc=0x00000000039799e8 method=com.android.dx.rop.type.Type.equals(Ljava/lang/Object;)Z @ 8
Event: 3.242 Thread 0x0000000017205000 Uncommon trap: reason=unstable_if action=reinterpret pc=0x0000000003ad59c4 method=com.android.dx.rop.code.RegisterSpec.equals(ILcom/android/dx/rop/type/TypeBearer;Lcom/android/dx/rop/code/LocalItem;)Z @ 16
Event: 3.309 Thread 0x0000000017305800 Uncommon trap: reason=class_check action=maybe_recompile pc=0x00000000039799e8 method=com.android.dx.rop.type.Type.equals(Ljava/lang/Object;)Z @ 8
Event: 3.310 Thread 0x0000000017305800 Uncommon trap: reason=unstable_if action=reinterpret pc=0x0000000003ad7b70 method=com.android.dx.rop.code.RegisterSpec.equals(ILcom/android/dx/rop/type/TypeBearer;Lcom/android/dx/rop/code/LocalItem;)Z @ 16
Event: 3.310 Thread 0x0000000017305800 Uncommon trap: reason=class_check action=maybe_recompile pc=0x00000000039799e8 method=com.android.dx.rop.type.Type.equals(Ljava/lang/Object;)Z @ 8
Event: 4.375 Thread 0x0000000017218000 Uncommon trap: reason=unstable_if action=reinterpret pc=0x0000000003b2884c method=com.android.dx.util.IntList.binarysearch(I)I @ 26
Event: 4.375 Thread 0x0000000017218000 Uncommon trap: reason=unstable_if action=reinterpret pc=0x0000000003aff6f8 method=com.android.dx.util.IntList.binarysearch(I)I @ 26
Event: 4.377 Thread 0x0000000017218000 Uncommon trap: reason=unstable_if action=reinterpret pc=0x0000000003ac7d18 method=com.android.dx.util.IntList.binarysearch(I)I @ 26

Internal exceptions (2 events):
Event: 0.062 Thread 0x0000000003480800 Exception <a 'java/lang/NoSuchMethodError': Method sun.misc.Unsafe.defineClass(Ljava/lang/String;[BII)Ljava/lang/Class; name or signature does not match> (0x00000000eab07cc0) thrown at [C:\src\android\AOSP-openjdk\external\jetbrains\jdk\hotspot\src\share\v®o1Ýr°?
Event: 0.063 Thread 0x0000000003480800 Exception <a 'java/lang/NoSuchMethodError': Method sun.misc.Unsafe.prefetchRead(Ljava/lang/Object;J)V name or signature does not match> (0x00000000eab07fa8) thrown at [C:\src\android\AOSP-openjdk\external\jetbrains\jdk\hotspot\src\share\vm\prims\jni.cpp, l

Events (10 events):
Event: 4.447 Thread 0x0000000017307000 DEOPT PACKING pc=0x0000000003c1f2b3 sp=0x000000001809e840
Event: 4.447 Thread 0x0000000017307000 DEOPT UNPACKING pc=0x00000000036c75bf sp=0x000000001809e5d8 mode 0
Event: 4.511 Thread 0x0000000017205000 DEOPT PACKING pc=0x0000000003c256ea sp=0x0000000017c9ed20
Event: 4.511 Thread 0x0000000017205000 DEOPT UNPACKING pc=0x00000000036c75bf sp=0x0000000017c9eab8 mode 0
Event: 4.545 Thread 0x0000000017218000 DEOPT PACKING pc=0x0000000003cd3a52 sp=0x0000000017e9e930
Event: 4.545 Thread 0x0000000017218000 DEOPT UNPACKING pc=0x00000000036c75bf sp=0x0000000017e9e870 mode 0
Event: 4.581 Executing VM operation: ParallelGCFailedAllocation
Event: 4.616 Executing VM operation: ParallelGCFailedAllocation done
Event: 4.669 Thread 0x0000000017218000 DEOPT PACKING pc=0x0000000003c4e3ab sp=0x0000000017e9e9b0
Event: 4.669 Thread 0x0000000017218000 DEOPT UNPACKING pc=0x00000000036c75bf sp=0x0000000017e9e6e0 mode 0


Dynamic libraries:
0x00007ff7bcbd0000 - 0x00007ff7bcc01000 	D:\anzhuo\jre\bin\java.exe
0x00007ffa078e0000 - 0x00007ffa07ab1000 	C:\WINDOWS\SYSTEM32\ntdll.dll
0x00007ffa07510000 - 0x00007ffa075bb000 	C:\WINDOWS\System32\KERNEL32.DLL
0x00007ffa04910000 - 0x00007ffa04b2d000 	C:\WINDOWS\System32\KERNELBASE.dll
0x00007ffa04e70000 - 0x00007ffa04f12000 	C:\WINDOWS\System32\ADVAPI32.dll
0x00007ffa075d0000 - 0x00007ffa0766e000 	C:\WINDOWS\System32\msvcrt.dll
0x00007ffa07810000 - 0x00007ffa07869000 	C:\WINDOWS\System32\sechost.dll
0x00007ffa05760000 - 0x00007ffa05881000 	C:\WINDOWS\System32\RPCRT4.dll
0x00007ffa05940000 - 0x00007ffa05aa5000 	C:\WINDOWS\System32\USER32.dll
0x00007ffa03dd0000 - 0x00007ffa03dee000 	C:\WINDOWS\System32\win32u.dll
0x00007ffa07690000 - 0x00007ffa076c4000 	C:\WINDOWS\System32\GDI32.dll
0x00007ffa03df0000 - 0x00007ffa03f72000 	C:\WINDOWS\System32\gdi32full.dll
0x00007ff9fbce0000 - 0x00007ff9fbf59000 	C:\WINDOWS\WinSxS\amd64_microsoft.windows.common-controls_6595b64144ccf1df_6.0.14393.447_none_42191651c6827bb3\COMCTL32.dll
0x00007ffa05b90000 - 0x00007ffa05e57000 	C:\WINDOWS\System32\combase.dll
0x00007ffa04770000 - 0x00007ffa04865000 	C:\WINDOWS\System32\ucrtbase.dll
0x00007ffa04e00000 - 0x00007ffa04e6a000 	C:\WINDOWS\System32\bcryptPrimitives.dll
0x00007ffa054d0000 - 0x00007ffa054fe000 	C:\WINDOWS\System32\IMM32.DLL
0x000000005a110000 - 0x000000005a1e2000 	D:\anzhuo\jre\jre\bin\msvcr100.dll
0x000000005a3a0000 - 0x000000005abd4000 	D:\anzhuo\jre\jre\bin\server\jvm.dll
0x00007ffa075c0000 - 0x00007ffa075c8000 	C:\WINDOWS\System32\PSAPI.DLL
0x00007ffa00e40000 - 0x00007ffa00e49000 	C:\WINDOWS\SYSTEM32\WSOCK32.dll
0x00007ffa05ab0000 - 0x00007ffa05b1a000 	C:\WINDOWS\System32\WS2_32.dll
0x00007ffa01d20000 - 0x00007ffa01d43000 	C:\WINDOWS\SYSTEM32\WINMM.dll
0x00007ff9fcf50000 - 0x00007ff9fcf5a000 	C:\WINDOWS\SYSTEM32\VERSION.dll
0x00007ffa01c00000 - 0x00007ffa01c2b000 	C:\WINDOWS\SYSTEM32\WINMMBASE.dll
0x00007ffa04be0000 - 0x00007ffa04c22000 	C:\WINDOWS\System32\cfgmgr32.dll
0x00007ff9ffe60000 - 0x00007ff9ffe6f000 	D:\anzhuo\jre\jre\bin\verify.dll
0x00007ff9f6a50000 - 0x00007ff9f6a79000 	D:\anzhuo\jre\jre\bin\java.dll
0x00007ff9f7c10000 - 0x00007ff9f7c26000 	D:\anzhuo\jre\jre\bin\zip.dll
0x00007ffa06000000 - 0x00007ffa07509000 	C:\WINDOWS\System32\SHELL32.dll
0x00007ffa04090000 - 0x00007ffa0476a000 	C:\WINDOWS\System32\windows.storage.dll
0x00007ffa03d80000 - 0x00007ffa03dcc000 	C:\WINDOWS\System32\powrprof.dll
0x00007ffa04fe0000 - 0x00007ffa05032000 	C:\WINDOWS\System32\shlwapi.dll
0x00007ffa03d40000 - 0x00007ffa03d4f000 	C:\WINDOWS\System32\kernel.appcore.dll
0x00007ffa04b30000 - 0x00007ffa04bd9000 	C:\WINDOWS\System32\shcore.dll
0x00007ffa03d50000 - 0x00007ffa03d64000 	C:\WINDOWS\System32\profapi.dll

VM Arguments:
jvm_args: -Djava.awt.headless=true -Xmx1024M -Dfile.encoding=GBK -Duser.country=CN -Duser.language=zh -Duser.variant 
java_command: com.android.dx.command.Main --dex --verbose --force-jumbo --num-threads=4 --multi-dex --output D:\LeJuWanJia\DDB_TaiMian\app\build\intermediates\transforms\dex\debug\folders\1000\5\slice_2 D:\LeJuWanJia\DDB_TaiMian\app\build\intermediates\transforms\instantRunSlicer\debug\folders\1\5\slice_2
java_class_path (initial): D:\AndroidSDK\StudioSDK\SDK\build-tools\24.0.2\lib\dx.jar
Launcher Type: SUN_STANDARD

Environment Variables:
JAVA_HOME=C:\Program Files\Java\jdk1.7.0_80
PATH=C:\ProgramData\Oracle\Java\javapath;C:\Program Files\Java\jdk1.8.0_92\bin;D:\Android\SDK\android-sdk\platform-tools;C:\Program Files (x86)\Intel\iCLS Client\;C:\Program Files\Intel\iCLS Client\;C:\windows\system32;C:\windows;C:\windows\System32\Wbem;C:\windows\System32\WindowsPowerShell\v1.0\;C:\Program Files (x86)\Intel\Intel(R) Management Engine Components\DAL;C:\Program Files\Intel\Intel(R) Management Engine Components\DAL;C:\Program Files (x86)\Intel\Intel(R) Management Engine Components\IPT;C:\Program Files\Intel\Intel(R) Management Engine Components\IPT;C:\Program Files (x86)\NVIDIA Corporation\PhysX\Common;C:\Program Files\Intel\WiFi\bin\;C:\Program Files\Common Files\Intel\WirelessCommon\;D:\SVN\bin;D:\SvnServer\bin;D:\TortosiseGit\bin;D:\bin;D:\MySQL\bin;C:\WINDOWS\system32;C:\WINDOWS;C:\WINDOWS\System32\Wbem;C:\WINDOWS\System32\WindowsPowerShell\v1.0\;C:\Users\Achang\AppData\Local\Microsoft\WindowsApps;
USERNAME=A chang
OS=Windows_NT
PROCESSOR_IDENTIFIER=Intel64 Family 6 Model 78 Stepping 3, GenuineIntel



---------------  S Y S T E M  ---------------

OS: Windows 10.0 , 64 bit Build 14393 (10.0.14393.0)

CPU:total 4 (2 cores per cpu, 2 threads per core) family 6 model 78 stepping 3, cmov, cx8, fxsr, mmx, sse, sse2, sse3, ssse3, sse4.1, sse4.2, popcnt, avx, avx2, aes, clmul, erms, 3dnowpref, lzcnt, ht, tsc, tscinvbit, bmi1, bmi2, adx

Memory: 4k page, physical 8275872k(2193240k free), swap 16140188k(4380k free)

vm_info: OpenJDK 64-Bit Server VM (25.76-b03) for windows-amd64 JRE (1.8.0_76-release-b03), built on Jun 29 2016 19:09:20 by "ralucas" with MS VC++ 10.0 (VS2010)

time: Wed Jan 18 01:52:40 2017
elapsed time: 4 seconds (0d 0h 0m 4s)

